2018-04-17 16:33:39  INFO ContestServiceRunnable:58 - 111111110vs111111111-contest-0 begin!
2018-04-17 16:33:39  INFO ContestServiceRunnable:68 - 111111110vs111111111-contest-0 round 0 start
2018-04-17 16:33:40  INFO ContestServiceRunnable:299 - 111111110vs111111111-contest-0 round 0 end
2018-04-17 16:33:40  INFO ContestServiceRunnable:68 - 111111110vs111111111-contest-0 round 1 start
2018-04-17 16:33:40  INFO ContestServiceRunnable:299 - 111111110vs111111111-contest-0 round 1 end
2018-04-17 16:33:40  INFO ContestServiceRunnable:68 - 111111110vs111111111-contest-0 round 2 start
2018-04-17 16:33:41  INFO ContestServiceRunnable:299 - 111111110vs111111111-contest-0 round 2 end
2018-04-17 16:33:41  INFO ContestServiceRunnable:327 - 111111110vs111111111-contest-0 game over
2018-04-17 16:33:41  INFO ContestServiceRunnable:334 - 111111110vs111111111-contest-0 result saved!
2018-04-17 16:33:41  INFO ContestServiceRunnable:339 - 111111110vs111111111-contest-0 record save completed!
2018-04-17 16:39:52  INFO ContestServiceRunnable:58 - 111111110vs111111111-contest-0 begin!
2018-04-17 16:39:52  INFO ContestServiceRunnable:68 - 111111110vs111111111-contest-0 round 0 start
2018-04-17 16:39:52  INFO ContestServiceRunnable:299 - 111111110vs111111111-contest-0 round 0 end
2018-04-17 16:39:52  INFO ContestServiceRunnable:68 - 111111110vs111111111-contest-0 round 1 start
2018-04-17 16:39:53  INFO ContestServiceRunnable:299 - 111111110vs111111111-contest-0 round 1 end
2018-04-17 16:39:53  INFO ContestServiceRunnable:68 - 111111110vs111111111-contest-0 round 2 start
2018-04-17 16:39:53  INFO ContestServiceRunnable:299 - 111111110vs111111111-contest-0 round 2 end
2018-04-17 16:39:53  INFO ContestServiceRunnable:327 - 111111110vs111111111-contest-0 game over
2018-04-17 16:39:53  INFO ContestServiceRunnable:334 - 111111110vs111111111-contest-0 result saved!
2018-04-17 16:39:53  INFO ContestServiceRunnable:339 - 111111110vs111111111-contest-0 record save completed!
2018-04-17 17:05:02  INFO ContestServiceRunnable:58 - 111111111vs111111110-contest-0 begin!
2018-04-17 17:05:02  INFO ContestServiceRunnable:68 - 111111111vs111111110-contest-0 round 0 start
2018-04-17 17:05:02  INFO ContestServiceRunnable:299 - 111111111vs111111110-contest-0 round 0 end
2018-04-17 17:05:02  INFO ContestServiceRunnable:68 - 111111111vs111111110-contest-0 round 1 start
2018-04-17 17:05:03  INFO ContestServiceRunnable:299 - 111111111vs111111110-contest-0 round 1 end
2018-04-17 17:05:03  INFO ContestServiceRunnable:68 - 111111111vs111111110-contest-0 round 2 start
2018-04-17 17:05:03  INFO ContestServiceRunnable:299 - 111111111vs111111110-contest-0 round 2 end
2018-04-17 17:05:03  INFO ContestServiceRunnable:327 - 111111111vs111111110-contest-0 game over
2018-04-17 17:05:03  INFO ContestServiceRunnable:334 - 111111111vs111111110-contest-0 result saved!
2018-04-17 17:05:03  INFO ContestServiceRunnable:339 - 111111111vs111111110-contest-0 record save completed!
2018-04-17 20:40:58  INFO ContestServiceRunnable:58 - 111111111vs111111110-contest-0 begin!
2018-04-17 20:40:58  INFO ContestServiceRunnable:68 - 111111111vs111111110-contest-0 round 0 start
2018-04-17 20:40:59  INFO ContestServiceRunnable:299 - 111111111vs111111110-contest-0 round 0 end
2018-04-17 20:40:59  INFO ContestServiceRunnable:68 - 111111111vs111111110-contest-0 round 1 start
2018-04-17 20:40:59  INFO ContestServiceRunnable:299 - 111111111vs111111110-contest-0 round 1 end
2018-04-17 20:40:59  INFO ContestServiceRunnable:68 - 111111111vs111111110-contest-0 round 2 start
2018-04-17 20:40:59  INFO ContestServiceRunnable:299 - 111111111vs111111110-contest-0 round 2 end
2018-04-17 20:40:59  INFO ContestServiceRunnable:327 - 111111111vs111111110-contest-0 game over
2018-04-17 20:40:59  INFO ContestServiceRunnable:334 - 111111111vs111111110-contest-0 result saved!
2018-04-17 20:40:59  INFO ContestServiceRunnable:339 - 111111111vs111111110-contest-0 record save completed!
2018-04-17 20:44:54  INFO ContestServiceRunnable:58 - 111111111vs111111110-contest-0 begin!
2018-04-17 20:44:54  INFO ContestServiceRunnable:68 - 111111111vs111111110-contest-0 round 0 start
2018-04-17 20:44:54  INFO ContestServiceRunnable:299 - 111111111vs111111110-contest-0 round 0 end
2018-04-17 20:44:54  INFO ContestServiceRunnable:68 - 111111111vs111111110-contest-0 round 1 start
2018-04-17 20:44:55  INFO ContestServiceRunnable:299 - 111111111vs111111110-contest-0 round 1 end
2018-04-17 20:44:55  INFO ContestServiceRunnable:68 - 111111111vs111111110-contest-0 round 2 start
2018-04-17 20:44:55  INFO ContestServiceRunnable:299 - 111111111vs111111110-contest-0 round 2 end
2018-04-17 20:44:55  INFO ContestServiceRunnable:327 - 111111111vs111111110-contest-0 game over
2018-04-17 20:44:55  INFO ContestServiceRunnable:334 - 111111111vs111111110-contest-0 result saved!
2018-04-17 20:44:55  INFO ContestServiceRunnable:339 - 111111111vs111111110-contest-0 record save completed!
2018-04-17 20:47:01  INFO ContestServiceRunnable:58 - 111111113vs111111112-contest-0 begin!
2018-04-17 20:47:01  INFO ContestServiceRunnable:68 - 111111113vs111111112-contest-0 round 0 start
2018-04-17 20:47:01  INFO ContestServiceRunnable:58 - 111111114vs111111111-contest-1 begin!
2018-04-17 20:47:01  INFO ContestServiceRunnable:68 - 111111114vs111111111-contest-1 round 0 start
2018-04-17 20:47:02  INFO ContestServiceRunnable:299 - 111111114vs111111111-contest-1 round 0 end
2018-04-17 20:47:02  INFO ContestServiceRunnable:68 - 111111114vs111111111-contest-1 round 1 start
2018-04-17 20:47:02  INFO ContestServiceRunnable:299 - 111111113vs111111112-contest-0 round 0 end
2018-04-17 20:47:02  INFO ContestServiceRunnable:68 - 111111113vs111111112-contest-0 round 1 start
2018-04-17 20:47:03  INFO ContestServiceRunnable:299 - 111111114vs111111111-contest-1 round 1 end
2018-04-17 20:47:03  INFO ContestServiceRunnable:68 - 111111114vs111111111-contest-1 round 2 start
2018-04-17 20:47:03  INFO ContestServiceRunnable:299 - 111111113vs111111112-contest-0 round 1 end
2018-04-17 20:47:03  INFO ContestServiceRunnable:68 - 111111113vs111111112-contest-0 round 2 start
2018-04-17 20:47:04  INFO ContestServiceRunnable:299 - 111111114vs111111111-contest-1 round 2 end
2018-04-17 20:47:04  INFO ContestServiceRunnable:327 - 111111114vs111111111-contest-1 game over
2018-04-17 20:47:04  INFO ContestServiceRunnable:334 - 111111114vs111111111-contest-1 result saved!
2018-04-17 20:47:04  INFO ContestServiceRunnable:339 - 111111114vs111111111-contest-1 record save completed!
2018-04-17 20:47:04  INFO ContestServiceRunnable:299 - 111111113vs111111112-contest-0 round 2 end
2018-04-17 20:47:04  INFO ContestServiceRunnable:327 - 111111113vs111111112-contest-0 game over
2018-04-17 20:47:04  INFO ContestServiceRunnable:334 - 111111113vs111111112-contest-0 result saved!
2018-04-17 20:47:04  INFO ContestServiceRunnable:339 - 111111113vs111111112-contest-0 record save completed!
