2018-03-09 20:13:31  INFO ServerProperties:44 - Read server.properties complete! The properties as follows: 
2018-03-09 20:13:31  INFO ServerProperties:46 - step.error.number=3
2018-03-09 20:13:31  INFO ServerProperties:46 - chess.board.rows=8
2018-03-09 20:13:31  INFO ServerProperties:46 - chess.board.cols=8
2018-03-09 20:13:31  INFO ServerProperties:46 - ui.width=1064
2018-03-09 20:13:31  INFO ServerProperties:46 - see.error=true
2018-03-09 20:13:31  INFO ServerProperties:46 - ui.height=674
2018-03-09 20:13:31  INFO ServerProperties:46 - contest.rounds=2
2018-03-09 20:13:31  INFO ServerProperties:46 - filter.out=0
2018-03-09 20:13:31  INFO ServerProperties:46 - replay.speed=200
2018-03-09 20:13:31  INFO ServerProperties:46 - round.steps=70
2018-03-09 20:13:31  INFO ServerProperties:46 - play.interval=0
2018-03-09 20:13:31  INFO ServerProperties:46 - ui.result.list.width=66
2018-03-09 20:13:31  INFO ServerProperties:46 - robot.model=0
2018-03-09 20:13:31  INFO ServerProperties:46 - server.port=10087
2018-03-09 20:13:31  INFO ServerProperties:46 - debug.robot.b=1
2018-03-09 20:13:31  INFO ServerProperties:46 - debug.robot.a=0
2018-03-09 20:13:31  INFO ServerProperties:46 - step.timeout=5000
2018-03-09 20:13:31  INFO ServerProperties:46 - disappear_freq=5
2018-03-09 20:13:31  INFO ServerProperties:46 - server.mode=1
2018-03-09 20:13:31  INFO Main:27 - Startup the main ui
2018-03-09 20:13:34  INFO Players:67 - Load list file: players-0.txt
2018-03-09 20:13:34  INFO Players:73 - The players authoried in this round as follow:
2018-03-09 20:13:34  INFO Players:81 - 111111110
2018-03-09 20:13:34  INFO Players:90 - Total players: 1
2018-03-09 20:13:35  INFO ClientConnectMonitor:60 - Create server socket success!
2018-03-09 20:13:35  INFO ClientConnectMonitor:62 - Server address is: 172.27.131.15:10087
2018-03-09 20:13:35  INFO ClientConnectMonitor:64 - ClientConnectMonitor initialization complete!
2018-03-09 20:13:35  INFO ClientConnectMonitor:74 - Start monitor...
2018-03-09 20:13:35  INFO ClientConnectMonitor:82 - Waitting clients to access...
2018-03-09 20:15:40  INFO ClientConnectMonitor:102 - Accepted one accession: 127.0.0.1:50434
2018-03-09 20:15:40  INFO ClientConnectMonitor:82 - Waitting clients to access...
2018-03-09 20:17:15  INFO ServerProperties:44 - Read server.properties complete! The properties as follows: 
2018-03-09 20:17:15  INFO ServerProperties:46 - step.error.number=3
2018-03-09 20:17:15  INFO ServerProperties:46 - chess.board.rows=8
2018-03-09 20:17:15  INFO ServerProperties:46 - chess.board.cols=8
2018-03-09 20:17:15  INFO ServerProperties:46 - ui.width=1064
2018-03-09 20:17:15  INFO ServerProperties:46 - see.error=true
2018-03-09 20:17:15  INFO ServerProperties:46 - ui.height=674
2018-03-09 20:17:15  INFO ServerProperties:46 - contest.rounds=2
2018-03-09 20:17:15  INFO ServerProperties:46 - filter.out=0
2018-03-09 20:17:15  INFO ServerProperties:46 - replay.speed=200
2018-03-09 20:17:15  INFO ServerProperties:46 - round.steps=70
2018-03-09 20:17:15  INFO ServerProperties:46 - play.interval=0
2018-03-09 20:17:15  INFO ServerProperties:46 - ui.result.list.width=66
2018-03-09 20:17:15  INFO ServerProperties:46 - robot.model=0
2018-03-09 20:17:15  INFO ServerProperties:46 - server.port=10087
2018-03-09 20:17:15  INFO ServerProperties:46 - debug.robot.b=1
2018-03-09 20:17:15  INFO ServerProperties:46 - debug.robot.a=0
2018-03-09 20:17:15  INFO ServerProperties:46 - step.timeout=5000
2018-03-09 20:17:15  INFO ServerProperties:46 - disappear_freq=5
2018-03-09 20:17:15  INFO ServerProperties:46 - server.mode=1
2018-03-09 20:17:15  INFO Main:27 - Startup the main ui
2018-03-09 20:17:21  INFO Players:67 - Load list file: players-0.txt
2018-03-09 20:17:21  INFO Players:73 - The players authoried in this round as follow:
2018-03-09 20:17:21  INFO Players:81 - 111111110
2018-03-09 20:17:21  INFO Players:90 - Total players: 1
2018-03-09 20:17:21  INFO ClientConnectMonitor:60 - Create server socket success!
2018-03-09 20:17:21  INFO ClientConnectMonitor:62 - Server address is: 172.27.131.15:10087
2018-03-09 20:17:21  INFO ClientConnectMonitor:64 - ClientConnectMonitor initialization complete!
2018-03-09 20:17:21  INFO ClientConnectMonitor:74 - Start monitor...
2018-03-09 20:17:21  INFO ClientConnectMonitor:82 - Waitting clients to access...
2018-03-09 20:17:41  INFO ClientConnectMonitor:102 - Accepted one accession: 127.0.0.1:50448
2018-03-09 20:17:41  INFO ClientConnectMonitor:82 - Waitting clients to access...
2018-03-09 20:17:41  INFO RobotAIFactory:13 - Produce Robot Omega
2018-03-09 20:33:13  INFO ServerProperties:44 - Read server.properties complete! The properties as follows: 
2018-03-09 20:33:13  INFO ServerProperties:46 - step.error.number=3
2018-03-09 20:33:13  INFO ServerProperties:46 - chess.board.rows=8
2018-03-09 20:33:13  INFO ServerProperties:46 - chess.board.cols=8
2018-03-09 20:33:13  INFO ServerProperties:46 - ui.width=1064
2018-03-09 20:33:13  INFO ServerProperties:46 - see.error=true
2018-03-09 20:33:13  INFO ServerProperties:46 - ui.height=674
2018-03-09 20:33:13  INFO ServerProperties:46 - contest.rounds=2
2018-03-09 20:33:13  INFO ServerProperties:46 - filter.out=0
2018-03-09 20:33:13  INFO ServerProperties:46 - replay.speed=200
2018-03-09 20:33:13  INFO ServerProperties:46 - round.steps=70
2018-03-09 20:33:13  INFO ServerProperties:46 - play.interval=0
2018-03-09 20:33:13  INFO ServerProperties:46 - ui.result.list.width=66
2018-03-09 20:33:13  INFO ServerProperties:46 - robot.model=0
2018-03-09 20:33:13  INFO ServerProperties:46 - server.port=10087
2018-03-09 20:33:13  INFO ServerProperties:46 - debug.robot.b=1
2018-03-09 20:33:13  INFO ServerProperties:46 - debug.robot.a=0
2018-03-09 20:33:13  INFO ServerProperties:46 - step.timeout=5000
2018-03-09 20:33:13  INFO ServerProperties:46 - disappear_freq=5
2018-03-09 20:33:13  INFO ServerProperties:46 - server.mode=1
2018-03-09 20:33:13  INFO Main:27 - Startup the main ui
2018-03-09 20:33:16  INFO Players:67 - Load list file: players-0.txt
2018-03-09 20:33:16  INFO Players:73 - The players authoried in this round as follow:
2018-03-09 20:33:16  INFO Players:81 - 111111110
2018-03-09 20:33:16  INFO Players:90 - Total players: 1
2018-03-09 20:33:16  INFO ClientConnectMonitor:60 - Create server socket success!
2018-03-09 20:33:16  INFO ClientConnectMonitor:62 - Server address is: 172.27.131.15:10087
2018-03-09 20:33:16  INFO ClientConnectMonitor:64 - ClientConnectMonitor initialization complete!
2018-03-09 20:33:16  INFO ClientConnectMonitor:74 - Start monitor...
2018-03-09 20:33:16  INFO ClientConnectMonitor:82 - Waitting clients to access...
2018-03-09 20:39:00  INFO ClientConnectMonitor:102 - Accepted one accession: 127.0.0.1:50576
2018-03-09 20:39:00  INFO ClientConnectMonitor:82 - Waitting clients to access...
2018-03-09 20:39:00  INFO RobotAIFactory:13 - Produce Robot Omega
2018-03-09 20:48:43  INFO ServerProperties:44 - Read server.properties complete! The properties as follows: 
2018-03-09 20:48:43  INFO ServerProperties:46 - step.error.number=3
2018-03-09 20:48:43  INFO ServerProperties:46 - chess.board.rows=8
2018-03-09 20:48:43  INFO ServerProperties:46 - chess.board.cols=8
2018-03-09 20:48:43  INFO ServerProperties:46 - ui.width=1064
2018-03-09 20:48:43  INFO ServerProperties:46 - see.error=true
2018-03-09 20:48:43  INFO ServerProperties:46 - ui.height=674
2018-03-09 20:48:43  INFO ServerProperties:46 - contest.rounds=2
2018-03-09 20:48:43  INFO ServerProperties:46 - filter.out=0
2018-03-09 20:48:43  INFO ServerProperties:46 - replay.speed=200
2018-03-09 20:48:43  INFO ServerProperties:46 - round.steps=70
2018-03-09 20:48:43  INFO ServerProperties:46 - play.interval=0
2018-03-09 20:48:43  INFO ServerProperties:46 - ui.result.list.width=66
2018-03-09 20:48:43  INFO ServerProperties:46 - robot.model=0
2018-03-09 20:48:43  INFO ServerProperties:46 - server.port=10087
2018-03-09 20:48:43  INFO ServerProperties:46 - debug.robot.b=1
2018-03-09 20:48:43  INFO ServerProperties:46 - debug.robot.a=0
2018-03-09 20:48:43  INFO ServerProperties:46 - step.timeout=5000
2018-03-09 20:48:43  INFO ServerProperties:46 - disappear_freq=5
2018-03-09 20:48:43  INFO ServerProperties:46 - server.mode=1
2018-03-09 20:48:43  INFO Main:27 - Startup the main ui
2018-03-09 20:48:46  INFO Players:67 - Load list file: players-0.txt
2018-03-09 20:48:46  INFO Players:73 - The players authoried in this round as follow:
2018-03-09 20:48:46  INFO Players:81 - 111111110
2018-03-09 20:48:46  INFO Players:90 - Total players: 1
2018-03-09 20:48:46  INFO ClientConnectMonitor:60 - Create server socket success!
2018-03-09 20:48:46  INFO ClientConnectMonitor:62 - Server address is: 172.27.131.15:10087
2018-03-09 20:48:46  INFO ClientConnectMonitor:64 - ClientConnectMonitor initialization complete!
2018-03-09 20:48:46  INFO ClientConnectMonitor:74 - Start monitor...
2018-03-09 20:48:46  INFO ClientConnectMonitor:82 - Waitting clients to access...
2018-03-09 20:49:24  INFO ClientConnectMonitor:102 - Accepted one accession: 127.0.0.1:50652
2018-03-09 20:49:24  INFO ClientConnectMonitor:82 - Waitting clients to access...
2018-03-09 20:49:53  INFO ClientConnectMonitor:102 - Accepted one accession: 127.0.0.1:50657
2018-03-09 20:49:53  INFO ClientConnectMonitor:82 - Waitting clients to access...
2018-03-09 20:49:53  INFO RobotAIFactory:13 - Produce Robot Omega
2018-03-09 22:17:33  INFO ServerProperties:44 - Read server.properties complete! The properties as follows: 
2018-03-09 22:17:33  INFO ServerProperties:46 - step.error.number=3
2018-03-09 22:17:33  INFO ServerProperties:46 - chess.board.rows=8
2018-03-09 22:17:33  INFO ServerProperties:46 - chess.board.cols=8
2018-03-09 22:17:33  INFO ServerProperties:46 - ui.width=1064
2018-03-09 22:17:33  INFO ServerProperties:46 - see.error=true
2018-03-09 22:17:33  INFO ServerProperties:46 - ui.height=674
2018-03-09 22:17:33  INFO ServerProperties:46 - contest.rounds=2
2018-03-09 22:17:33  INFO ServerProperties:46 - filter.out=0
2018-03-09 22:17:33  INFO ServerProperties:46 - replay.speed=200
2018-03-09 22:17:33  INFO ServerProperties:46 - round.steps=70
2018-03-09 22:17:33  INFO ServerProperties:46 - play.interval=0
2018-03-09 22:17:33  INFO ServerProperties:46 - ui.result.list.width=66
2018-03-09 22:17:33  INFO ServerProperties:46 - robot.model=0
2018-03-09 22:17:33  INFO ServerProperties:46 - server.port=10087
2018-03-09 22:17:33  INFO ServerProperties:46 - debug.robot.b=1
2018-03-09 22:17:33  INFO ServerProperties:46 - debug.robot.a=0
2018-03-09 22:17:33  INFO ServerProperties:46 - step.timeout=5000
2018-03-09 22:17:33  INFO ServerProperties:46 - disappear_freq=5
2018-03-09 22:17:33  INFO ServerProperties:46 - server.mode=1
2018-03-09 22:17:33  INFO Main:27 - Startup the main ui
2018-03-09 22:17:38  INFO Players:67 - Load list file: players-0.txt
2018-03-09 22:17:38  INFO Players:73 - The players authoried in this round as follow:
2018-03-09 22:17:38  INFO Players:81 - 111111110
2018-03-09 22:17:38  INFO Players:90 - Total players: 1
2018-03-09 22:17:38  INFO ClientConnectMonitor:60 - Create server socket success!
2018-03-09 22:17:38  INFO ClientConnectMonitor:62 - Server address is: 172.27.131.15:10087
2018-03-09 22:17:38  INFO ClientConnectMonitor:64 - ClientConnectMonitor initialization complete!
2018-03-09 22:17:38  INFO ClientConnectMonitor:74 - Start monitor...
2018-03-09 22:17:38  INFO ClientConnectMonitor:82 - Waitting clients to access...
2018-03-09 22:17:43  INFO ClientConnectMonitor:102 - Accepted one accession: 127.0.0.1:51680
2018-03-09 22:17:43  INFO ClientConnectMonitor:82 - Waitting clients to access...
2018-03-09 22:17:58  INFO ClientConnectMonitor:102 - Accepted one accession: 127.0.0.1:51684
2018-03-09 22:17:58  INFO ClientConnectMonitor:82 - Waitting clients to access...
2018-03-09 22:17:59  INFO RobotAIFactory:13 - Produce Robot Omega
2018-03-09 22:34:03  INFO ServerProperties:44 - Read server.properties complete! The properties as follows: 
2018-03-09 22:34:04  INFO ServerProperties:46 - step.error.number=3
2018-03-09 22:34:04  INFO ServerProperties:46 - chess.board.rows=8
2018-03-09 22:34:04  INFO ServerProperties:46 - chess.board.cols=8
2018-03-09 22:34:04  INFO ServerProperties:46 - ui.width=1064
2018-03-09 22:34:04  INFO ServerProperties:46 - see.error=true
2018-03-09 22:34:04  INFO ServerProperties:46 - ui.height=674
2018-03-09 22:34:04  INFO ServerProperties:46 - contest.rounds=2
2018-03-09 22:34:04  INFO ServerProperties:46 - filter.out=0
2018-03-09 22:34:04  INFO ServerProperties:46 - replay.speed=200
2018-03-09 22:34:04  INFO ServerProperties:46 - round.steps=70
2018-03-09 22:34:04  INFO ServerProperties:46 - play.interval=0
2018-03-09 22:34:04  INFO ServerProperties:46 - ui.result.list.width=66
2018-03-09 22:34:04  INFO ServerProperties:46 - robot.model=0
2018-03-09 22:34:04  INFO ServerProperties:46 - server.port=10087
2018-03-09 22:34:04  INFO ServerProperties:46 - debug.robot.b=1
2018-03-09 22:34:04  INFO ServerProperties:46 - debug.robot.a=0
2018-03-09 22:34:04  INFO ServerProperties:46 - step.timeout=5000
2018-03-09 22:34:04  INFO ServerProperties:46 - disappear_freq=5
2018-03-09 22:34:04  INFO ServerProperties:46 - server.mode=1
2018-03-09 22:34:04  INFO Main:27 - Startup the main ui
2018-03-09 22:34:08  INFO Players:67 - Load list file: players-0.txt
2018-03-09 22:34:08  INFO Players:73 - The players authoried in this round as follow:
2018-03-09 22:34:08  INFO Players:81 - 111111110
2018-03-09 22:34:08  INFO Players:90 - Total players: 1
2018-03-09 22:34:08  INFO ClientConnectMonitor:60 - Create server socket success!
2018-03-09 22:34:08  INFO ClientConnectMonitor:62 - Server address is: 172.27.131.15:10087
2018-03-09 22:34:08  INFO ClientConnectMonitor:64 - ClientConnectMonitor initialization complete!
2018-03-09 22:34:08  INFO ClientConnectMonitor:74 - Start monitor...
2018-03-09 22:34:08  INFO ClientConnectMonitor:82 - Waitting clients to access...
2018-03-09 22:34:15  INFO ClientConnectMonitor:102 - Accepted one accession: 127.0.0.1:51779
2018-03-09 22:34:15  INFO ClientConnectMonitor:82 - Waitting clients to access...
2018-03-09 22:34:16  INFO RobotAIFactory:13 - Produce Robot Omega
